{
  "RSpec": {
    "coverage": {
      "/Users/nagata/Documents/ruby/perfect/awesome_events/spec/controllers/users_controller_spec.rb": [
        1,
        null,
        1,
        1,
        1,
        1,
        1,
        null,
        null,
        1,
        1,
        null,
        null,
        null,
        1,
        1,
        null
      ],
      "/Users/nagata/Documents/ruby/perfect/awesome_events/spec/rails_helper.rb": [
        null,
        1,
        1,
        1,
        1,
        1,
        1,
        1,
        1,
        null,
        1,
        null,
        null,
        null,
        null,
        null,
        null,
        null,
        null,
        null,
        null,
        null,
        null,
        null,
        null,
        null,
        null,
        null,
        null,
        null,
        null,
        1,
        null,
        1,
        1,
        null,
        null,
        1,
        null,
        null,
        null,
        null,
        1,
        null,
        null,
        null,
        null,
        null,
        null,
        null,
        null,
        null,
        null,
        null,
        null,
        null,
        null,
        1,
        null,
        1,
        1,
        null,
        null,
        1,
        1,
        null,
        null,
        1,
        0,
        null,
        null,
        1,
        1,
        null,
        null,
        1,
        1,
        null,
        null
      ],
      "/Users/nagata/Documents/ruby/perfect/awesome_events/app/helpers/application_helper.rb": [
        1,
        1,
        0,
        0,
        null,
        null,
        null,
        1,
        0,
        null,
        null,
        null,
        1,
        0,
        null,
        null,
        null,
        1,
        0,
        null,
        null
      ],
      "/Users/nagata/Documents/ruby/perfect/awesome_events/app/helpers/events_helper.rb": [
        1,
        1,
        0,
        null,
        0,
        null,
        null,
        null,
        1,
        0,
        null,
        null,
        null,
        1,
        0,
        null,
        null,
        1,
        0,
        null,
        null,
        null,
        1,
        0,
        null,
        null,
        null,
        null,
        1,
        1,
        null,
        1,
        0,
        null,
        null,
        null,
        1,
        0,
        null,
        null,
        null,
        1,
        0,
        null,
        null,
        null,
        1,
        0,
        null,
        null,
        null,
        1,
        0,
        null,
        null,
        null
      ],
      "/Users/nagata/Documents/ruby/perfect/awesome_events/app/helpers/sessions_helper.rb": [
        1,
        null
      ],
      "/Users/nagata/Documents/ruby/perfect/awesome_events/app/helpers/tickets_helper.rb": [
        1,
        null
      ],
      "/Users/nagata/Documents/ruby/perfect/awesome_events/app/helpers/users_helper.rb": [
        1,
        null
      ],
      "/Users/nagata/Documents/ruby/perfect/awesome_events/app/helpers/welcome_helper.rb": [
        1,
        null
      ],
      "/Users/nagata/Documents/ruby/perfect/awesome_events/app/controllers/users_controller.rb": [
        1,
        1,
        null,
        1,
        null,
        null,
        1,
        0,
        0,
        0,
        null,
        0,
        null,
        null,
        null
      ],
      "/Users/nagata/Documents/ruby/perfect/awesome_events/app/controllers/application_controller.rb": [
        1,
        null,
        null,
        1,
        null,
        1,
        null,
        1,
        null,
        1,
        null,
        null,
        1,
        null,
        1,
        0,
        0,
        null,
        null,
        1,
        1,
        null,
        null,
        1,
        1,
        0,
        null,
        null,
        1,
        0,
        null,
        null,
        1,
        0,
        0,
        null,
        null
      ],
      "/Users/nagata/Documents/ruby/perfect/awesome_events/app/models/user.rb": [
        1,
        1,
        null,
        1,
        null,
        null,
        1,
        1,
        null,
        1,
        0,
        0,
        0,
        0,
        null,
        0,
        0,
        0,
        null,
        null,
        null,
        1,
        0,
        null,
        0,
        0,
        null,
        null,
        0,
        0,
        null,
        null,
        0,
        null,
        null
      ]
    },
    "timestamp": 1432637156
  }
}
