{
  "RSpec": {
    "coverage": {
      "/Users/nagata/Documents/ruby/perfect/awesome_events/spec/controllers/events_controller_spec.rb": [
        1,
        null,
        1,
        1,
        1,
        2,
        null,
        1,
        1,
        null,
        null,
        null,
        1,
        1,
        3,
        3,
        3,
        null,
        null,
        1,
        1,
        null,
        null,
        1,
        1,
        null,
        null,
        1,
        1,
        null,
        null,
        null,
        null
      ],
      "/Users/nagata/Documents/ruby/perfect/awesome_events/spec/rails_helper.rb": [
        null,
        1,
        1,
        1,
        1,
        1,
        1,
        1,
        1,
        null,
        1,
        null,
        null,
        null,
        null,
        null,
        null,
        null,
        null,
        null,
        null,
        null,
        null,
        null,
        null,
        null,
        null,
        null,
        null,
        null,
        null,
        1,
        null,
        1,
        1,
        null,
        null,
        1,
        null,
        null,
        null,
        null,
        1,
        null,
        null,
        null,
        null,
        null,
        null,
        null,
        null,
        null,
        null,
        null,
        null,
        null,
        null,
        1,
        null,
        1,
        1,
        null,
        null,
        1,
        18,
        null,
        null,
        1,
        3,
        null,
        null,
        1,
        18,
        null,
        null,
        1,
        18,
        null,
        null
      ],
      "/Users/nagata/Documents/ruby/perfect/awesome_events/app/helpers/application_helper.rb": [
        1,
        1,
        10,
        10,
        null,
        null,
        null,
        1,
        15,
        null,
        null,
        null,
        1,
        15,
        null,
        null,
        null,
        1,
        7,
        null,
        null
      ],
      "/Users/nagata/Documents/ruby/perfect/awesome_events/app/helpers/events_helper.rb": [
        1,
        1,
        1,
        null,
        1,
        null,
        null,
        null,
        1,
        0,
        null,
        null,
        null,
        1,
        3,
        null,
        null,
        1,
        0,
        null,
        null,
        null,
        1,
        0,
        null,
        null,
        null,
        null,
        1,
        1,
        null,
        1,
        3,
        null,
        null,
        null,
        1,
        1,
        null,
        null,
        null,
        1,
        3,
        null,
        null,
        null,
        1,
        3,
        null,
        null,
        null,
        1,
        3,
        null,
        null,
        null
      ],
      "/Users/nagata/Documents/ruby/perfect/awesome_events/app/helpers/sessions_helper.rb": [
        1,
        null
      ],
      "/Users/nagata/Documents/ruby/perfect/awesome_events/app/helpers/tickets_helper.rb": [
        1,
        null
      ],
      "/Users/nagata/Documents/ruby/perfect/awesome_events/app/helpers/users_helper.rb": [
        1,
        null
      ],
      "/Users/nagata/Documents/ruby/perfect/awesome_events/app/helpers/welcome_helper.rb": [
        1,
        null
      ],
      "/Users/nagata/Documents/ruby/perfect/awesome_events/app/controllers/events_controller.rb": [
        1,
        1,
        null,
        1,
        5,
        null,
        5,
        null,
        null,
        5,
        null,
        null,
        1,
        3,
        null,
        null,
        1,
        0,
        0,
        0,
        null,
        0,
        null,
        null,
        null,
        1,
        0,
        null,
        null,
        1,
        0,
        0,
        0,
        null,
        0,
        null,
        null,
        null,
        1,
        0,
        0,
        0,
        null,
        null,
        1,
        null,
        1,
        0,
        null,
        null,
        null,
        null,
        null
      ],
      "/Users/nagata/Documents/ruby/perfect/awesome_events/app/controllers/application_controller.rb": [
        1,
        null,
        null,
        1,
        null,
        1,
        null,
        1,
        null,
        1,
        null,
        null,
        1,
        null,
        1,
        20,
        20,
        null,
        null,
        1,
        24,
        null,
        null,
        1,
        6,
        1,
        null,
        null,
        1,
        0,
        null,
        null,
        1,
        0,
        0,
        null,
        null
      ],
      "/Users/nagata/Documents/ruby/perfect/awesome_events/spec/controllers/sessions_controller_spec.rb": [
        1,
        null,
        1,
        null,
        null
      ],
      "/Users/nagata/Documents/ruby/perfect/awesome_events/app/controllers/sessions_controller.rb": [
        1,
        1,
        5,
        5,
        5,
        null,
        null,
        1,
        0,
        0,
        null,
        null
      ],
      "/Users/nagata/Documents/ruby/perfect/awesome_events/spec/controllers/tickets_controller_spec.rb": [
        1,
        null,
        1,
        null,
        null
      ],
      "/Users/nagata/Documents/ruby/perfect/awesome_events/app/controllers/tickets_controller.rb": [
        1,
        1,
        null,
        1,
        0,
        null,
        null,
        null,
        1,
        2,
        2,
        2,
        null,
        null,
        2,
        2,
        2,
        null,
        0,
        null,
        null,
        null,
        1,
        0,
        0,
        null,
        0,
        null,
        null,
        null
      ],
      "/Users/nagata/Documents/ruby/perfect/awesome_events/spec/controllers/users_controller_spec.rb": [
        1,
        null,
        1,
        null,
        null
      ],
      "/Users/nagata/Documents/ruby/perfect/awesome_events/app/controllers/users_controller.rb": [
        1,
        1,
        null,
        1,
        null,
        null,
        1,
        0,
        0,
        0,
        null,
        0,
        null,
        null,
        null
      ],
      "/Users/nagata/Documents/ruby/perfect/awesome_events/spec/controllers/welcome_controller_spec.rb": [
        1,
        null,
        1,
        null,
        1,
        1,
        1,
        1,
        null,
        null,
        null,
        null
      ],
      "/Users/nagata/Documents/ruby/perfect/awesome_events/app/controllers/welcome_controller.rb": [
        1,
        1,
        null,
        1,
        11,
        null,
        null,
        null,
        11,
        null,
        null,
        1,
        null,
        1,
        11,
        null,
        11,
        null,
        null
      ],
      "/Users/nagata/Documents/ruby/perfect/awesome_events/spec/features/create_ticket_spec.rb": [
        1,
        null,
        1,
        4,
        null,
        1,
        1,
        3,
        3,
        3,
        3,
        3,
        null,
        null,
        1,
        1,
        null,
        null,
        1,
        1,
        2,
        2,
        null,
        null,
        1,
        1,
        null,
        null,
        1,
        1,
        null,
        null,
        null,
        null
      ],
      "/Users/nagata/Documents/ruby/perfect/awesome_events/spec/features/login_spec.rb": [
        1,
        null,
        1,
        1,
        1,
        1,
        2,
        2,
        null,
        null,
        1,
        1,
        null,
        null,
        1,
        1,
        null,
        null,
        null,
        null
      ],
      "/Users/nagata/Documents/ruby/perfect/awesome_events/spec/helpers/events_helper_spec.rb": [
        1,
        null,
        null,
        null,
        null,
        null,
        null,
        null,
        null,
        null,
        null,
        null,
        1,
        1,
        1,
        2,
        null,
        1,
        1,
        null,
        null,
        1,
        1,
        null,
        null,
        null,
        1,
        1,
        1,
        1,
        1,
        1,
        1,
        1,
        1,
        null
      ],
      "/Users/nagata/Documents/ruby/perfect/awesome_events/spec/helpers/sessions_helper_spec.rb": [
        1,
        null,
        null,
        null,
        null,
        null,
        null,
        null,
        null,
        null,
        null,
        null,
        1,
        1,
        null
      ],
      "/Users/nagata/Documents/ruby/perfect/awesome_events/spec/helpers/tickets_helper_spec.rb": [
        1,
        null,
        null,
        null,
        null,
        null,
        null,
        null,
        null,
        null,
        null,
        null,
        1,
        1,
        null
      ],
      "/Users/nagata/Documents/ruby/perfect/awesome_events/spec/helpers/users_helper_spec.rb": [
        1,
        null,
        null,
        null,
        null,
        null,
        null,
        null,
        null,
        null,
        null,
        null,
        1,
        1,
        null
      ],
      "/Users/nagata/Documents/ruby/perfect/awesome_events/spec/helpers/welcome_helper_spec.rb": [
        1,
        null,
        null,
        null,
        null,
        null,
        null,
        null,
        null,
        null,
        null,
        null,
        1,
        1,
        null
      ],
      "/Users/nagata/Documents/ruby/perfect/awesome_events/spec/models/event_spec.rb": [
        1,
        null,
        1,
        1,
        2,
        2,
        null,
        null,
        1,
        3,
        3,
        null,
        1,
        2,
        2,
        null,
        null,
        1,
        2,
        2,
        null,
        null,
        null,
        1,
        1,
        1,
        1,
        1,
        null,
        null,
        null,
        1,
        1,
        1,
        1,
        null,
        null,
        null,
        null
      ],
      "/Users/nagata/Documents/ruby/perfect/awesome_events/app/models/event.rb": [
        1,
        1,
        null,
        1,
        1,
        1,
        null,
        1,
        1,
        1,
        1,
        1,
        1,
        null,
        1,
        12,
        null,
        null,
        1,
        12,
        null,
        null,
        1,
        8,
        6,
        null,
        null,
        1,
        0,
        null,
        null,
        1,
        null,
        null,
        null,
        1,
        2,
        null,
        null,
        1,
        null,
        1,
        11,
        null,
        8,
        0,
        null,
        null,
        null
      ],
      "/Users/nagata/Documents/ruby/perfect/awesome_events/app/uploaders/event_image_uploader.rb": [
        null,
        null,
        1,
        null,
        null,
        null,
        1,
        null,
        null,
        1,
        null,
        null,
        null,
        null,
        1,
        0,
        null,
        null,
        null,
        null,
        null,
        null,
        null,
        null,
        null,
        null,
        null,
        null,
        null,
        null,
        null,
        null,
        null,
        1,
        null,
        null,
        null,
        null,
        null,
        null,
        null,
        null,
        1,
        0,
        null,
        null,
        null,
        null,
        null,
        null,
        null,
        null,
        null,
        null
      ],
      "/Users/nagata/Documents/ruby/perfect/awesome_events/spec/models/ticket_spec.rb": [
        1,
        null,
        1,
        1,
        null
      ],
      "/Users/nagata/Documents/ruby/perfect/awesome_events/app/models/ticket.rb": [
        1,
        1,
        1,
        null,
        1,
        null
      ],
      "/Users/nagata/Documents/ruby/perfect/awesome_events/spec/models/user_spec.rb": [
        1,
        null,
        1,
        1,
        null
      ],
      "/Users/nagata/Documents/ruby/perfect/awesome_events/app/models/user.rb": [
        1,
        1,
        null,
        1,
        null,
        null,
        1,
        1,
        null,
        1,
        5,
        5,
        5,
        5,
        null,
        5,
        5,
        5,
        null,
        null,
        null,
        1,
        0,
        null,
        0,
        0,
        null,
        null,
        0,
        0,
        null,
        null,
        0,
        null,
        null
      ],
      "/Users/nagata/Documents/ruby/perfect/awesome_events/spec/views/events/show.html.erb_spec.rb": [
        1,
        null,
        1,
        1,
        1,
        2,
        1,
        null,
        null,
        1,
        1,
        1,
        1,
        null,
        null,
        1,
        1,
        1,
        null,
        null,
        null,
        null
      ],
      "/Users/nagata/Documents/ruby/perfect/awesome_events/spec/views/welcome/index.html.erb_spec.rb": [
        1,
        null,
        1,
        1,
        null
      ]
    },
    "timestamp": 1432635713
  }
}
